<?xml version="1.0" encoding="UTF-8"?>
<!-- Generated by org.testng.reporters.JUnitXMLReporter -->
<testsuite hostname="INSGH045PMS0" ignored="0" name="Pega Dynamic System Setting Regression Test" tests="1" failures="0" timestamp="2020-09-23T22:37:49 IST" time="16.261" errors="0">
  <testcase name="@BeforeMethod setup" time="15.837" classname="Mccm.Pega.Outbound.PegaTest.HomePageTest">
    <failure type="org.openqa.selenium.NoSuchElementException" message="Cannot locate an element using xpath=//input[@id=&amp;apos;txtUserID&amp;apos;]
For documentation on this error, please visit: http://seleniumhq.org/exceptions/no_such_element.html
Build info: version: &amp;apos;3.141.5&amp;apos;, revision: &amp;apos;d54ebd709a&amp;apos;, time: &amp;apos;2018-11-06T11:42:16&amp;apos;
System info: host: &amp;apos;INSGH045PMS0&amp;apos;, ip: &amp;apos;169.254.9.135&amp;apos;, os.name: &amp;apos;Windows 10&amp;apos;, os.arch: &amp;apos;amd64&amp;apos;, os.version: &amp;apos;10.0&amp;apos;, java.version: &amp;apos;1.8.0_251&amp;apos;
Driver info: driver.version: RemoteWebDriver">
      <![CDATA[org.openqa.selenium.NoSuchElementException: Cannot locate an element using xpath=//input[@id='txtUserID']
For documentation on this error, please visit: http://seleniumhq.org/exceptions/no_such_element.html
Build info: version: '3.141.5', revision: 'd54ebd709a', time: '2018-11-06T11:42:16'
System info: host: 'INSGH045PMS0', ip: '169.254.9.135', os.name: 'Windows 10', os.arch: 'amd64', os.version: '10.0', java.version: '1.8.0_251'
Driver info: driver.version: RemoteWebDriver
at org.openqa.selenium.remote.RemoteWebDriver.findElement(RemoteWebDriver.java:327)
at org.openqa.selenium.remote.RemoteWebDriver.findElementByXPath(RemoteWebDriver.java:428)
at org.openqa.selenium.By$ByXPath.findElement(By.java:353)
at org.openqa.selenium.remote.RemoteWebDriver.findElement(RemoteWebDriver.java:315)
at org.openqa.selenium.support.pagefactory.DefaultElementLocator.findElement(DefaultElementLocator.java:69)
at org.openqa.selenium.support.pagefactory.internal.LocatingElementHandler.invoke(LocatingElementHandler.java:38)
at com.sun.proxy.$Proxy9.sendKeys(Unknown Source)
at Mccm.Pega.Outbound.PegaMain.LoginPage.login(LoginPage.java:40)
at Mccm.Pega.Outbound.PegaTest.HomePageTest.setup(HomePageTest.java:35)
at java.util.ArrayList.forEach(ArrayList.java:1257)
... Removed 31 stack frames]]>
    </failure>
  </testcase> <!-- @BeforeMethod setup -->
  <testcase name="@AfterMethod teardown" time="-1.600880869698E9" classname="Mccm.Pega.Outbound.PegaTest.HomePageTest">
    <skipped/>
  </testcase> <!-- @AfterMethod teardown -->
  <testcase name="VerifyDynamicSystemSettingSuccessfully" time="0.0" classname="Mccm.Pega.Outbound.PegaTest.HomePageTest">
    <skipped/>
  </testcase> <!-- VerifyDynamicSystemSettingSuccessfully -->
</testsuite> <!-- Pega Dynamic System Setting Regression Test -->
