<!DOCTYPE html PUBLIC "-//W3C//DTD XHTML 1.1//EN" "https://www.w3.org/TR/xhtml11/DTD/xhtml11.dtd">
<html xmlns="https://www.w3.org/1999/xhtml">
<head>
<meta http-equiv="content-type" content="text/html; charset=UTF-8"/>
<title>TestNG Report</title>
<style type="text/css">table {margin-bottom:10px;border-collapse:collapse;empty-cells:show}th,td {border:1px solid #009;padding:.25em .5em}th {vertical-align:bottom}td {vertical-align:top}table a {font-weight:bold}.stripe td {background-color: #E6EBF9}.num {text-align:right}.passedodd td {background-color: #3F3}.passedeven td {background-color: #0A0}.skippedodd td {background-color: #DDD}.skippedeven td {background-color: #CCC}.failedodd td,.attn {background-color: #F33}.failedeven td,.stripe .attn {background-color: #D00}.stacktrace {white-space:pre;font-family:monospace}.totop {font-size:85%;text-align:center;border-bottom:2px solid #000}.invisible {display:none}</style>
</head>
<body>
<table>
<tr><th>Test</th><th># Passed</th><th># Skipped</th><th># Retried</th><th># Failed</th><th>Time (ms)</th><th>Included Groups</th><th>Excluded Groups</th></tr>
<tr><th colspan="8">Mccm NBA Outbound Automation Regression Suite</th></tr>
<tr><td><a href="#t0">Pega Dynamic System Setting Regression Test</a></td><td class="num">3</td><td class="num attn">1</td><td class="num">0</td><td class="num attn">1</td><td class="num">239,608</td><td></td><td></td></tr>
<tr class="stripe"><td><a href="#t1">Pega NBACampaign Run Marketing Completed Regression Test</a></td><td class="num">0</td><td class="num attn">1</td><td class="num">0</td><td class="num">0</td><td class="num">23,993</td><td></td><td></td></tr>
<tr><td><a href="#t2">Pega NBA DB Config Completed Regression Test</a></td><td class="num">0</td><td class="num">0</td><td class="num">0</td><td class="num attn">1</td><td class="num">208,164</td><td></td><td></td></tr>
<tr class="stripe"><td><a href="#t3">Unix Extract NBA Channel File Regression Test</a></td><td class="num">1</td><td class="num">0</td><td class="num">0</td><td class="num">0</td><td class="num">49,662</td><td></td><td></td></tr>
<tr><td><a href="#t4">Pega Generated Extract Channel File Regression Test</a></td><td class="num">1</td><td class="num">0</td><td class="num">0</td><td class="num">0</td><td class="num">195,996</td><td></td><td></td></tr>
<tr class="stripe"><td><a href="#t5">Pega NBACampaign Batch Process Completed Regression Test</a></td><td class="num">0</td><td class="num">0</td><td class="num">0</td><td class="num attn">1</td><td class="num">171,535</td><td></td><td></td></tr>
<tr><th>Total</th><th class="num">5</th><th class="num attn">2</th><th class="num">0</th><th class="num attn">3</th><th class="num">888,958</th><th colspan="2"></th></tr>
</table>
<table id='summary'><thead><tr><th>Class</th><th>Method</th><th>Start</th><th>Time (ms)</th></tr></thead><tbody><tr><th colspan="4">Mccm NBA Outbound Automation Regression Suite</th></tr></tbody><tbody id="t0"><tr><th colspan="4">Pega Dynamic System Setting Regression Test &#8212; failed (configuration methods)</th></tr><tr class="failedeven"><td rowspan="1">Mccm.Pega.Outbound.PegaTest.HomePageTest</td><td><a href="#m0">setup</a></td><td rowspan="1">1600959028439</td><td rowspan="1">27264</td></tr><tr><th colspan="4">Pega Dynamic System Setting Regression Test &#8212; failed</th></tr><tr class="failedeven"><td rowspan="1">Mccm.Pega.Outbound.PegaTest.DataLoadDetailsTest</td><td><a href="#m1">VerifyOracleCansadraDataLoadedSuccessfully</a></td><td rowspan="1">1600958902230</td><td rowspan="1">124817</td></tr><tr><th colspan="4">Pega Dynamic System Setting Regression Test &#8212; skipped (configuration methods)</th></tr><tr class="skippedeven"><td rowspan="1">Mccm.Pega.Outbound.PegaTest.HomePageTest</td><td><a href="#m2">teardown</a></td><td rowspan="1">1600959055717</td><td rowspan="1">-1600959055717</td></tr><tr><th colspan="4">Pega Dynamic System Setting Regression Test &#8212; skipped</th></tr><tr class="skippedeven"><td rowspan="1">Mccm.Pega.Outbound.PegaTest.HomePageTest</td><td><a href="#m3">VerifyDynamicSystemSettingSuccessfully</a></td><td rowspan="1">1600959055707</td><td rowspan="1">0</td></tr><tr><th colspan="4">Pega Dynamic System Setting Regression Test &#8212; passed</th></tr><tr class="passedeven"><td rowspan="3">Mccm.Pega.Outbound.PegaTest.LoginPageTest</td><td><a href="#m4">VerifyLoginPageTitleTest</a></td><td rowspan="1">1600958829418</td><td rowspan="1">188</td></tr><tr class="passedeven"><td><a href="#m5">VerifyLoginSuccessfulTest</a></td><td rowspan="1">1600958846899</td><td rowspan="1">14240</td></tr><tr class="passedeven"><td><a href="#m6">VerifyPegaLogoTest</a></td><td rowspan="1">1600958837999</td><td rowspan="1">132</td></tr></tbody>
<tbody id="t1"><tr><th colspan="4">Pega NBACampaign Run Marketing Completed Regression Test &#8212; failed (configuration methods)</th></tr><tr class="failedeven"><td rowspan="1">Mccm.Pega.Outbound.PegaTest.PegamarktingTest</td><td><a href="#m7">setup</a></td><td rowspan="1">1600959056220</td><td rowspan="1">23969</td></tr><tr><th colspan="4">Pega NBACampaign Run Marketing Completed Regression Test &#8212; skipped (configuration methods)</th></tr><tr class="skippedeven"><td rowspan="1">Mccm.Pega.Outbound.PegaTest.PegamarktingTest</td><td><a href="#m8">teardown</a></td><td rowspan="1">1600959080208</td><td rowspan="1">-1600959080208</td></tr><tr><th colspan="4">Pega NBACampaign Run Marketing Completed Regression Test &#8212; skipped</th></tr><tr class="skippedeven"><td rowspan="1">Mccm.Pega.Outbound.PegaTest.PegamarktingTest</td><td><a href="#m9">VerifyNBACampaignRunSuccessfully</a></td><td rowspan="1">1600959080194</td><td rowspan="1">0</td></tr></tbody>
<tbody id="t2"><tr><th colspan="4">Pega NBA DB Config Completed Regression Test &#8212; failed</th></tr><tr class="failedeven"><td rowspan="1">Mccm.Pega.Outbound.PegaTest.DBConfigValdtnTest</td><td><a href="#m10">VerifyDBConfigurationSuccessfully</a></td><td rowspan="1">1600959117046</td><td rowspan="1">169919</td></tr></tbody>
<tbody id="t3"><tr><th colspan="4">Unix Extract NBA Channel File Regression Test &#8212; passed</th></tr><tr class="passedeven"><td rowspan="1">Mccm.Unix.Outbound.App_Unix_Outbound_Extract_Test</td><td><a href="#m11">VerifyExtracDataLoadedSuccessfully</a></td><td rowspan="1">1600959288734</td><td rowspan="1">49656</td></tr></tbody>
<tbody id="t4"><tr><th colspan="4">Pega Generated Extract Channel File Regression Test &#8212; passed</th></tr><tr class="passedeven"><td rowspan="1">Mccm.Pega.Outbound.PegaTest.ExtractChannelFileTest</td><td><a href="#m12">VerifyExtractChannelFileCheckSuccessfully</a></td><td rowspan="1">1600959383732</td><td rowspan="1">149284</td></tr></tbody>
<tbody id="t5"><tr><th colspan="4">Pega NBACampaign Batch Process Completed Regression Test &#8212; failed</th></tr><tr class="failedeven"><td rowspan="1">Mccm.Pega.Outbound.PegaTest.NBAOutboundValdtnTest</td><td><a href="#m13">VerifyNBABatchProcessCompletedSuccessfully</a></td><td rowspan="1">1600959573332</td><td rowspan="1">131247</td></tr></tbody>
</table>
<h2>Pega Dynamic System Setting Regression Test</h2><h3 id="m0">Mccm.Pega.Outbound.PegaTest.HomePageTest#setup</h3><table class="result"><tr><th>Exception</th></tr><tr><td><div class="stacktrace">org.openqa.selenium.TimeoutException: timeout: Timed out receiving message from renderer: 20.000
  (Session info: chrome=85.0.4183.121)
Build info: version: &apos;3.141.5&apos;, revision: &apos;d54ebd709a&apos;, time: &apos;2018-11-06T11:42:16&apos;
System info: host: &apos;INSGH045PMS0&apos;, ip: &apos;10.218.194.54&apos;, os.name: &apos;Windows 10&apos;, os.arch: &apos;amd64&apos;, os.version: &apos;10.0&apos;, java.version: &apos;1.8.0_251&apos;
Driver info: org.openqa.selenium.chrome.ChromeDriver
Capabilities {acceptInsecureCerts: false, browserName: chrome, browserVersion: 85.0.4183.121, chrome: {chromedriverVersion: 85.0.4183.87 (cd6713ebf92fa..., userDataDir: C:\Users\prout21\AppData\Lo...}, goog:chromeOptions: {debuggerAddress: localhost:57066}, javascriptEnabled: true, networkConnectionEnabled: false, pageLoadStrategy: normal, platform: WINDOWS, platformName: WINDOWS, proxy: Proxy(), setWindowRect: true, strictFileInteractability: false, timeouts: {implicit: 0, pageLoad: 300000, script: 30000}, unhandledPromptBehavior: dismiss and notify, webauthn:virtualAuthenticators: true}
Session ID: 9c589e702a5fc95c12e2717afcc1faf1
	at org.openqa.selenium.remote.http.W3CHttpResponseCodec.createException(W3CHttpResponseCodec.java:187)
	at org.openqa.selenium.remote.http.W3CHttpResponseCodec.decode(W3CHttpResponseCodec.java:122)
	at org.openqa.selenium.remote.http.W3CHttpResponseCodec.decode(W3CHttpResponseCodec.java:49)
	at org.openqa.selenium.remote.HttpCommandExecutor.execute(HttpCommandExecutor.java:158)
	at org.openqa.selenium.remote.service.DriverCommandExecutor.execute(DriverCommandExecutor.java:83)
	at org.openqa.selenium.remote.RemoteWebDriver.execute(RemoteWebDriver.java:552)
	at org.openqa.selenium.remote.RemoteWebElement.execute(RemoteWebElement.java:285)
	at org.openqa.selenium.remote.RemoteWebElement.click(RemoteWebElement.java:84)
	at org.openqa.selenium.support.pagefactory.internal.LocatingElementHandler.invoke(LocatingElementHandler.java:51)
	at com.sun.proxy.$Proxy9.click(Unknown Source)
	at Mccm.Pega.Outbound.PegaMain.LoginPage.login(LoginPage.java:42)
	at Mccm.Pega.Outbound.PegaTest.HomePageTest.setup(HomePageTest.java:35)
	at java.util.ArrayList.forEach(ArrayList.java:1257)
... Removed 39 stack frames</div></td></tr></table><p class="totop"><a href="#summary">back to summary</a></p>
<h3 id="m1">Mccm.Pega.Outbound.PegaTest.DataLoadDetailsTest#VerifyOracleCansadraDataLoadedSuccessfully</h3><table class="result"><tr><th>Exception</th></tr><tr><td><div class="stacktrace">java.lang.AssertionError: expected [Y] but found [N]
	at Mccm.Pega.Outbound.PegaMain.DataLoadDetails.DataLoadCmpltdOracle(DataLoadDetails.java:184)
	at Mccm.Pega.Outbound.PegaTest.DataLoadDetailsTest.VerifyOracleCansadraDataLoadedSuccessfully(DataLoadDetailsTest.java:51)
	at java.util.ArrayList.forEach(ArrayList.java:1257)
... Removed 32 stack frames</div></td></tr></table><p class="totop"><a href="#summary">back to summary</a></p>
<h3 id="m2">Mccm.Pega.Outbound.PegaTest.HomePageTest#teardown</h3><table class="result"><tr><th class="invisible"/></tr></table><p class="totop"><a href="#summary">back to summary</a></p>
<h3 id="m3">Mccm.Pega.Outbound.PegaTest.HomePageTest#VerifyDynamicSystemSettingSuccessfully</h3><table class="result"><tr><th>Exception</th></tr><tr><td><div class="stacktrace">org.openqa.selenium.TimeoutException: timeout: Timed out receiving message from renderer: 20.000
  (Session info: chrome=85.0.4183.121)
Build info: version: &apos;3.141.5&apos;, revision: &apos;d54ebd709a&apos;, time: &apos;2018-11-06T11:42:16&apos;
System info: host: &apos;INSGH045PMS0&apos;, ip: &apos;10.218.194.54&apos;, os.name: &apos;Windows 10&apos;, os.arch: &apos;amd64&apos;, os.version: &apos;10.0&apos;, java.version: &apos;1.8.0_251&apos;
Driver info: org.openqa.selenium.chrome.ChromeDriver
Capabilities {acceptInsecureCerts: false, browserName: chrome, browserVersion: 85.0.4183.121, chrome: {chromedriverVersion: 85.0.4183.87 (cd6713ebf92fa..., userDataDir: C:\Users\prout21\AppData\Lo...}, goog:chromeOptions: {debuggerAddress: localhost:57066}, javascriptEnabled: true, networkConnectionEnabled: false, pageLoadStrategy: normal, platform: WINDOWS, platformName: WINDOWS, proxy: Proxy(), setWindowRect: true, strictFileInteractability: false, timeouts: {implicit: 0, pageLoad: 300000, script: 30000}, unhandledPromptBehavior: dismiss and notify, webauthn:virtualAuthenticators: true}
Session ID: 9c589e702a5fc95c12e2717afcc1faf1
	at org.openqa.selenium.remote.http.W3CHttpResponseCodec.createException(W3CHttpResponseCodec.java:187)
	at org.openqa.selenium.remote.http.W3CHttpResponseCodec.decode(W3CHttpResponseCodec.java:122)
	at org.openqa.selenium.remote.http.W3CHttpResponseCodec.decode(W3CHttpResponseCodec.java:49)
	at org.openqa.selenium.remote.HttpCommandExecutor.execute(HttpCommandExecutor.java:158)
	at org.openqa.selenium.remote.service.DriverCommandExecutor.execute(DriverCommandExecutor.java:83)
	at org.openqa.selenium.remote.RemoteWebDriver.execute(RemoteWebDriver.java:552)
	at org.openqa.selenium.remote.RemoteWebElement.execute(RemoteWebElement.java:285)
	at org.openqa.selenium.remote.RemoteWebElement.click(RemoteWebElement.java:84)
	at org.openqa.selenium.support.pagefactory.internal.LocatingElementHandler.invoke(LocatingElementHandler.java:51)
	at com.sun.proxy.$Proxy9.click(Unknown Source)
	at Mccm.Pega.Outbound.PegaMain.LoginPage.login(LoginPage.java:42)
	at Mccm.Pega.Outbound.PegaTest.HomePageTest.setup(HomePageTest.java:35)
	at java.util.ArrayList.forEach(ArrayList.java:1257)
... Removed 39 stack frames</div></td></tr></table><p class="totop"><a href="#summary">back to summary</a></p>
<h3 id="m4">Mccm.Pega.Outbound.PegaTest.LoginPageTest#VerifyLoginPageTitleTest</h3><table class="result"><tr><th class="invisible"/></tr></table><p class="totop"><a href="#summary">back to summary</a></p>
<h3 id="m5">Mccm.Pega.Outbound.PegaTest.LoginPageTest#VerifyLoginSuccessfulTest</h3><table class="result"><tr><th class="invisible"/></tr></table><p class="totop"><a href="#summary">back to summary</a></p>
<h3 id="m6">Mccm.Pega.Outbound.PegaTest.LoginPageTest#VerifyPegaLogoTest</h3><table class="result"><tr><th class="invisible"/></tr></table><p class="totop"><a href="#summary">back to summary</a></p>
<h2>Pega NBACampaign Run Marketing Completed Regression Test</h2><h3 id="m7">Mccm.Pega.Outbound.PegaTest.PegamarktingTest#setup</h3><table class="result"><tr><th>Exception</th></tr><tr><td><div class="stacktrace">org.openqa.selenium.TimeoutException: timeout: Timed out receiving message from renderer: 0.155
  (Session info: chrome=85.0.4183.121)
Build info: version: &apos;3.141.5&apos;, revision: &apos;d54ebd709a&apos;, time: &apos;2018-11-06T11:42:16&apos;
System info: host: &apos;INSGH045PMS0&apos;, ip: &apos;10.218.194.54&apos;, os.name: &apos;Windows 10&apos;, os.arch: &apos;amd64&apos;, os.version: &apos;10.0&apos;, java.version: &apos;1.8.0_251&apos;
Driver info: org.openqa.selenium.chrome.ChromeDriver
Capabilities {acceptInsecureCerts: false, browserName: chrome, browserVersion: 85.0.4183.121, chrome: {chromedriverVersion: 85.0.4183.87 (cd6713ebf92fa..., userDataDir: C:\Users\prout21\AppData\Lo...}, goog:chromeOptions: {debuggerAddress: localhost:57088}, javascriptEnabled: true, networkConnectionEnabled: false, pageLoadStrategy: normal, platform: WINDOWS, platformName: WINDOWS, proxy: Proxy(), setWindowRect: true, strictFileInteractability: false, timeouts: {implicit: 0, pageLoad: 300000, script: 30000}, unhandledPromptBehavior: dismiss and notify, webauthn:virtualAuthenticators: true}
Session ID: 13fd2bf2863219068adbc5cc4f9a2e2f
	at org.openqa.selenium.remote.http.W3CHttpResponseCodec.createException(W3CHttpResponseCodec.java:187)
	at org.openqa.selenium.remote.http.W3CHttpResponseCodec.decode(W3CHttpResponseCodec.java:122)
	at org.openqa.selenium.remote.http.W3CHttpResponseCodec.decode(W3CHttpResponseCodec.java:49)
	at org.openqa.selenium.remote.HttpCommandExecutor.execute(HttpCommandExecutor.java:158)
	at org.openqa.selenium.remote.service.DriverCommandExecutor.execute(DriverCommandExecutor.java:83)
	at org.openqa.selenium.remote.RemoteWebDriver.execute(RemoteWebDriver.java:552)
	at org.openqa.selenium.remote.RemoteWebDriver.get(RemoteWebDriver.java:277)
	at Mccm.Pega.Outbound.PegaTestBase.TestBase.initialization(TestBase.java:81)
	at Mccm.Pega.Outbound.PegaTest.PegamarktingTest.setup(PegamarktingTest.java:33)
	at java.util.ArrayList.forEach(ArrayList.java:1257)
... Removed 35 stack frames</div></td></tr></table><p class="totop"><a href="#summary">back to summary</a></p>
<h3 id="m8">Mccm.Pega.Outbound.PegaTest.PegamarktingTest#teardown</h3><table class="result"><tr><th class="invisible"/></tr></table><p class="totop"><a href="#summary">back to summary</a></p>
<h3 id="m9">Mccm.Pega.Outbound.PegaTest.PegamarktingTest#VerifyNBACampaignRunSuccessfully</h3><table class="result"><tr><th>Exception</th></tr><tr><td><div class="stacktrace">org.openqa.selenium.TimeoutException: timeout: Timed out receiving message from renderer: 0.155
  (Session info: chrome=85.0.4183.121)
Build info: version: &apos;3.141.5&apos;, revision: &apos;d54ebd709a&apos;, time: &apos;2018-11-06T11:42:16&apos;
System info: host: &apos;INSGH045PMS0&apos;, ip: &apos;10.218.194.54&apos;, os.name: &apos;Windows 10&apos;, os.arch: &apos;amd64&apos;, os.version: &apos;10.0&apos;, java.version: &apos;1.8.0_251&apos;
Driver info: org.openqa.selenium.chrome.ChromeDriver
Capabilities {acceptInsecureCerts: false, browserName: chrome, browserVersion: 85.0.4183.121, chrome: {chromedriverVersion: 85.0.4183.87 (cd6713ebf92fa..., userDataDir: C:\Users\prout21\AppData\Lo...}, goog:chromeOptions: {debuggerAddress: localhost:57088}, javascriptEnabled: true, networkConnectionEnabled: false, pageLoadStrategy: normal, platform: WINDOWS, platformName: WINDOWS, proxy: Proxy(), setWindowRect: true, strictFileInteractability: false, timeouts: {implicit: 0, pageLoad: 300000, script: 30000}, unhandledPromptBehavior: dismiss and notify, webauthn:virtualAuthenticators: true}
Session ID: 13fd2bf2863219068adbc5cc4f9a2e2f
	at org.openqa.selenium.remote.http.W3CHttpResponseCodec.createException(W3CHttpResponseCodec.java:187)
	at org.openqa.selenium.remote.http.W3CHttpResponseCodec.decode(W3CHttpResponseCodec.java:122)
	at org.openqa.selenium.remote.http.W3CHttpResponseCodec.decode(W3CHttpResponseCodec.java:49)
	at org.openqa.selenium.remote.HttpCommandExecutor.execute(HttpCommandExecutor.java:158)
	at org.openqa.selenium.remote.service.DriverCommandExecutor.execute(DriverCommandExecutor.java:83)
	at org.openqa.selenium.remote.RemoteWebDriver.execute(RemoteWebDriver.java:552)
	at org.openqa.selenium.remote.RemoteWebDriver.get(RemoteWebDriver.java:277)
	at Mccm.Pega.Outbound.PegaTestBase.TestBase.initialization(TestBase.java:81)
	at Mccm.Pega.Outbound.PegaTest.PegamarktingTest.setup(PegamarktingTest.java:33)
	at java.util.ArrayList.forEach(ArrayList.java:1257)
... Removed 35 stack frames</div></td></tr></table><p class="totop"><a href="#summary">back to summary</a></p>
<h2>Pega NBA DB Config Completed Regression Test</h2><h3 id="m10">Mccm.Pega.Outbound.PegaTest.DBConfigValdtnTest#VerifyDBConfigurationSuccessfully</h3><table class="result"><tr><th>Exception</th></tr><tr><td><div class="stacktrace">java.lang.AssertionError: expected [PR-8735] but found [PR-8199]
	at Mccm.Pega.Outbound.PegaMain.DBConfigValdtn.CampRunidValidation(DBConfigValdtn.java:174)
	at Mccm.Pega.Outbound.PegaTest.DBConfigValdtnTest.VerifyDBConfigurationSuccessfully(DBConfigValdtnTest.java:52)
	at java.util.ArrayList.forEach(ArrayList.java:1257)
... Removed 32 stack frames</div></td></tr></table><p class="totop"><a href="#summary">back to summary</a></p>
<h2>Unix Extract NBA Channel File Regression Test</h2><h3 id="m11">Mccm.Unix.Outbound.App_Unix_Outbound_Extract_Test#VerifyExtracDataLoadedSuccessfully</h3><table class="result"><tr><th class="invisible"/></tr></table><p class="totop"><a href="#summary">back to summary</a></p>
<h2>Pega Generated Extract Channel File Regression Test</h2><h3 id="m12">Mccm.Pega.Outbound.PegaTest.ExtractChannelFileTest#VerifyExtractChannelFileCheckSuccessfully</h3><table class="result"><tr><th class="invisible"/></tr></table><p class="totop"><a href="#summary">back to summary</a></p>
<h2>Pega NBACampaign Batch Process Completed Regression Test</h2><h3 id="m13">Mccm.Pega.Outbound.PegaTest.NBAOutboundValdtnTest#VerifyNBABatchProcessCompletedSuccessfully</h3><table class="result"><tr><th>Exception</th></tr><tr><td><div class="stacktrace">java.lang.AssertionError: expected [PR-8735] but found [PR-8199]
	at Mccm.Pega.Outbound.PegaMain.NBAOutboundValdtn.CampRUNid(NBAOutboundValdtn.java:193)
	at Mccm.Pega.Outbound.PegaTest.NBAOutboundValdtnTest.VerifyNBABatchProcessCompletedSuccessfully(NBAOutboundValdtnTest.java:51)
	at java.util.ArrayList.forEach(ArrayList.java:1257)
... Removed 32 stack frames</div></td></tr></table><p class="totop"><a href="#summary">back to summary</a></p>
</body>
</html>
