<?xml version="1.0" encoding="UTF-8"?>
<!-- Generated by org.testng.reporters.JUnitReportReporter -->
<testsuite skipped="0" hostname="INSGH045PMS0" name="DemoEtEFlow.InOutbound.Restfulrequest" tests="1" failures="0" timestamp="2020-08-11T11:08:38 IST" time="0.049" errors="1">
  <testcase name="VerifyHitRESTfulGETRequestResponseSuccessfully" time="0.049" classname="DemoEtEFlow.InOutbound.Restfulrequest">
    <error type="java.lang.IllegalArgumentException" message="Illegal character in query at index 34: https://reqres.in/api/users?page=2&quot;">
      <![CDATA[java.lang.IllegalArgumentException: Illegal character in query at index 34: https://reqres.in/api/users?page=2"
at java.net.URI.create(URI.java:852)
at org.apache.http.client.methods.HttpGet.<init>(HttpGet.java:69)
at DemoEtEFlow.InOutbound.Restfulrequest.VerifyHitRESTfulGETRequestResponseSuccessfully(Restfulrequest.java:48)
at sun.reflect.NativeMethodAccessorImpl.invoke0(Native Method)
at sun.reflect.NativeMethodAccessorImpl.invoke(NativeMethodAccessorImpl.java:62)
at sun.reflect.DelegatingMethodAccessorImpl.invoke(DelegatingMethodAccessorImpl.java:43)
at java.lang.reflect.Method.invoke(Method.java:498)
at org.testng.internal.MethodInvocationHelper.invokeMethod(MethodInvocationHelper.java:135)
at org.testng.internal.TestInvoker.invokeMethod(TestInvoker.java:598)
at org.testng.internal.TestInvoker.invokeTestMethod(TestInvoker.java:174)
at org.testng.internal.MethodRunner.runInSequence(MethodRunner.java:46)
at org.testng.internal.TestInvoker$MethodInvocationAgent.invoke(TestInvoker.java:821)
at org.testng.internal.TestInvoker.invokeTestMethods(TestInvoker.java:147)
at org.testng.internal.TestMethodWorker.invokeTestMethods(TestMethodWorker.java:146)
at org.testng.internal.TestMethodWorker.run(TestMethodWorker.java:128)
at java.util.ArrayList.forEach(ArrayList.java:1257)
at org.testng.TestRunner.privateRun(TestRunner.java:767)
at org.testng.TestRunner.run(TestRunner.java:588)
at org.testng.SuiteRunner.runTest(SuiteRunner.java:384)
at org.testng.SuiteRunner.runSequentially(SuiteRunner.java:378)
at org.testng.SuiteRunner.privateRun(SuiteRunner.java:337)
at org.testng.SuiteRunner.run(SuiteRunner.java:286)
at org.testng.SuiteRunnerWorker.runSuite(SuiteRunnerWorker.java:53)
at org.testng.SuiteRunnerWorker.run(SuiteRunnerWorker.java:96)
at org.testng.TestNG.runSuitesSequentially(TestNG.java:1214)
at org.testng.TestNG.runSuitesLocally(TestNG.java:1136)
at org.testng.TestNG.runSuites(TestNG.java:1066)
at org.testng.TestNG.run(TestNG.java:1034)
at org.testng.remote.AbstractRemoteTestNG.run(AbstractRemoteTestNG.java:115)
at org.testng.remote.RemoteTestNG.initAndRun(RemoteTestNG.java:251)
at org.testng.remote.RemoteTestNG.main(RemoteTestNG.java:77)
Caused by: java.net.URISyntaxException: Illegal character in query at index 34: https://reqres.in/api/users?page=2"
at java.net.URI$Parser.fail(URI.java:2847)
at java.net.URI$Parser.checkChars(URI.java:3020)
at java.net.URI$Parser.parseHierarchical(URI.java:3110)
at java.net.URI$Parser.parse(URI.java:3052)
at java.net.URI.<init>(URI.java:588)
at java.net.URI.create(URI.java:850)
... 30 more
]]>
    </error>
  </testcase> <!-- VerifyHitRESTfulGETRequestResponseSuccessfully -->
  <system-out/>
</testsuite> <!-- DemoEtEFlow.InOutbound.Restfulrequest -->
